<?xml version="1.0" encoding="UTF-8"?>
<robot generator="Robot 7.2.2 (Python 3.14.0a7 on win32)" generated="2025-05-19T19:19:22.143979" rpa="false" schemaversion="5">
<suite id="s1" name="SauceDemo" source="C:\RobotFrameworkBasics\SauceDemo.robot">
<test id="s1-t1" name="Login with user  and verify result" line="16">
<kw name="Validate successful login">
<kw name="Open the browser with URL">
<kw name="Create Webdriver" owner="SeleniumLibrary">
<msg time="2025-05-19T19:19:22.823683" level="INFO">Creating an instance of the Chrome WebDriver.</msg>
<arg>${browser}</arg>
<doc>Creates an instance of Selenium WebDriver.</doc>
<status status="PASS" start="2025-05-19T19:19:22.823385" elapsed="5.040826"/>
</kw>
<kw name="Go To" owner="SeleniumLibrary">
<msg time="2025-05-19T19:19:27.865018" level="INFO">Opening url 'https://www.saucedemo.com/v1/index.html'</msg>
<arg>${url}</arg>
<doc>Navigates the current browser window to the provided ``url``.</doc>
<status status="PASS" start="2025-05-19T19:19:27.864618" elapsed="0.722740"/>
</kw>
<kw name="Maximize Browser Window" owner="SeleniumLibrary">
<doc>Maximizes current browser window.</doc>
<status status="PASS" start="2025-05-19T19:19:28.587902" elapsed="0.268097"/>
</kw>
<kw name="Set Selenium Implicit Wait" owner="SeleniumLibrary">
<arg>5</arg>
<doc>Sets the implicit wait value used by Selenium.</doc>
<status status="PASS" start="2025-05-19T19:19:28.856263" elapsed="0.002257"/>
</kw>
<status status="PASS" start="2025-05-19T19:19:22.821604" elapsed="6.037161"/>
</kw>
<kw name="Fill the login Form">
<kw name="Input Text" owner="SeleniumLibrary">
<msg time="2025-05-19T19:19:28.863337" level="INFO">Typing text '' into text field 'css:input[name="user-name"]'.</msg>
<arg>css:input[name="user-name"]</arg>
<arg>${username}</arg>
<doc>Types the given ``text`` into the text field identified by ``locator``.</doc>
<status status="PASS" start="2025-05-19T19:19:28.860099" elapsed="0.172511"/>
</kw>
<kw name="Input Password" owner="SeleniumLibrary">
<msg time="2025-05-19T19:19:29.033614" level="INFO">Typing password into text field 'css:input[name="password"]'.</msg>
<msg time="2025-05-19T19:19:29.094114" level="INFO">Temporally setting log level to: NONE</msg>
<arg>css:input[name="password"]</arg>
<arg>${password}</arg>
<doc>Types the given password into the text field identified by ``locator``.</doc>
<status status="PASS" start="2025-05-19T19:19:29.033016" elapsed="0.129790"/>
</kw>
<kw name="Click Button" owner="SeleniumLibrary">
<msg time="2025-05-19T19:19:29.164061" level="INFO">Clicking button 'xpath://input[@id='login-button']'.</msg>
<arg>${login_btn}</arg>
<doc>Clicks the button identified by ``locator``.</doc>
<status status="PASS" start="2025-05-19T19:19:29.163268" elapsed="0.134672"/>
</kw>
<arg>${username}</arg>
<arg>${password}</arg>
<status status="PASS" start="2025-05-19T19:19:28.859177" elapsed="0.439038"/>
</kw>
<kw name="Verify the message is correct">
<kw name="Run Keyword If" owner="BuiltIn">
<kw name="Element Should Contain" owner="SeleniumLibrary">
<msg time="2025-05-19T19:19:29.349677" level="INFO">Element 'xpath://h3' contains text ''.</msg>
<arg>${error_message}</arg>
<arg>${verify}</arg>
<doc>Verifies that element ``locator`` contains text ``expected``.</doc>
<status status="PASS" start="2025-05-19T19:19:29.300266" elapsed="0.049660"/>
</kw>
<arg>'${verify}'=='Products'</arg>
<arg>Element Text Should Be</arg>
<arg>${success_message}</arg>
<arg>${verify}</arg>
<arg>ELSE</arg>
<arg>Element Should Contain</arg>
<arg>${error_message}</arg>
<arg>${verify}</arg>
<doc>Runs the given keyword with the given arguments, if ``condition`` is true.</doc>
<status status="PASS" start="2025-05-19T19:19:29.299568" elapsed="0.050617"/>
</kw>
<arg>${verify}</arg>
<status status="PASS" start="2025-05-19T19:19:29.298663" elapsed="0.052127"/>
</kw>
<arg>${username}</arg>
<arg>${password}</arg>
<arg>${verify}</arg>
<status status="PASS" start="2025-05-19T19:19:22.818543" elapsed="6.532522"/>
</kw>
<kw name="Close All Browsers" owner="SeleniumLibrary" type="TEARDOWN">
<doc>Closes all open browsers and resets the browser cache.</doc>
<status status="PASS" start="2025-05-19T19:19:29.352401" elapsed="3.922159"/>
</kw>
<status status="PASS" start="2025-05-19T19:19:22.815248" elapsed="10.460093"/>
</test>
<status status="PASS" start="2025-05-19T19:19:22.146700" elapsed="11.133855"/>
</suite>
<statistics>
<total>
<stat pass="1" fail="0" skip="0">All Tests</stat>
</total>
<tag>
</tag>
<suite>
<stat name="SauceDemo" id="s1" pass="1" fail="0" skip="0">SauceDemo</stat>
</suite>
</statistics>
<errors>
<msg time="2025-05-19T19:19:22.809816" level="ERROR">[ DataDriver ] Error in robot file:
  File "C:\RobotFrameworkBasics\SauceDemo.robot", line 0</msg>
<msg time="2025-05-19T19:19:22.810223" level="ERROR">In source file:
  File "/Users/admi/RobotFrameworkBasicsPOMResourcesTestData.xlsx", line 0</msg>
<msg time="2025-05-19T19:19:22.814410" level="ERROR">Calling method '_start_suite' of listener 'DataDriver' failed: FileNotFoundError: File attribute was not a full path. Tried to find C:\Users\admi\RobotFrameworkBasicsPOMResourcesTestData.xlsx but file does not exist.</msg>
</errors>
</robot>
