<?xml version="1.0" encoding="UTF-8"?>
<robot generator="Robot 7.2.2 (Python 3.14.0a7 on win32)" generated="2025-05-20T15:30:00.924621" rpa="false" schemaversion="5">
<suite id="s1" name="MenuNavigationValidationtest" source="c:\RobotFrameworkBasics\POMSauceDemo\TestCases\MenuNavigationValidationtest.robot">
<test id="s1-t1" name="Validate Clicking Menu Button" line="15">
<kw name="Open the browser with URL" owner="GenericResources" type="SETUP">
<kw name="Create Webdriver" owner="SeleniumLibrary">
<msg time="2025-05-20T15:30:02.520976" level="INFO">Creating an instance of the Chrome WebDriver.</msg>
<arg>${browser_name}</arg>
<doc>Creates an instance of Selenium WebDriver.</doc>
<status status="PASS" start="2025-05-20T15:30:02.516269" elapsed="1.982992"/>
</kw>
<kw name="Go To" owner="SeleniumLibrary">
<msg time="2025-05-20T15:30:04.505669" level="INFO">Opening url 'https://www.saucedemo.com/'</msg>
<arg>${url}</arg>
<doc>Navigates the current browser window to the provided ``url``.</doc>
<status status="PASS" start="2025-05-20T15:30:04.502395" elapsed="1.707219"/>
</kw>
<kw name="Maximize Browser Window" owner="SeleniumLibrary">
<doc>Maximizes current browser window.</doc>
<status status="PASS" start="2025-05-20T15:30:06.212641" elapsed="0.167428"/>
</kw>
<kw name="Set Selenium Implicit Wait" owner="SeleniumLibrary">
<arg>5</arg>
<doc>Sets the implicit wait value used by Selenium.</doc>
<status status="PASS" start="2025-05-20T15:30:06.383780" elapsed="0.017971"/>
</kw>
<status status="PASS" start="2025-05-20T15:30:02.500974" elapsed="3.902732"/>
</kw>
<kw name="Fill the login form" owner="LoginResources">
<kw name="Input Text" owner="SeleniumLibrary">
<msg time="2025-05-20T15:30:06.424331" level="INFO">Typing text 'standard_user' into text field 'id:user-name'.</msg>
<arg>id:user-name</arg>
<arg>${username}</arg>
<doc>Types the given ``text`` into the text field identified by ``locator``.</doc>
<status status="PASS" start="2025-05-20T15:30:06.418510" elapsed="0.268384"/>
</kw>
<kw name="Input Password" owner="SeleniumLibrary">
<msg time="2025-05-20T15:30:06.692881" level="INFO">Typing password into text field 'id:password'.</msg>
<msg time="2025-05-20T15:30:06.765417" level="INFO">Temporally setting log level to: NONE</msg>
<arg>id:password</arg>
<arg>${password}</arg>
<doc>Types the given password into the text field identified by ``locator``.</doc>
<status status="PASS" start="2025-05-20T15:30:06.689185" elapsed="0.178324"/>
</kw>
<kw name="Click Button" owner="SeleniumLibrary">
<msg time="2025-05-20T15:30:06.874166" level="INFO">Clicking button 'id:login-button'.</msg>
<arg>id:login-button</arg>
<doc>Clicks the button identified by ``locator``.</doc>
<status status="PASS" start="2025-05-20T15:30:06.869495" elapsed="0.243201"/>
</kw>
<arg>${username}</arg>
<arg>${password}</arg>
<status status="PASS" start="2025-05-20T15:30:06.410901" elapsed="0.703626"/>
</kw>
<kw name="Click Menu Button" owner="MenuNavigationValidation">
<kw name="Click Element" owner="SeleniumLibrary">
<msg time="2025-05-20T15:30:07.129525" level="INFO">Clicking element 'xpath://button[@id='react-burger-menu-btn']'.</msg>
<arg>${menu}</arg>
<doc>Click the element identified by ``locator``.</doc>
<status status="PASS" start="2025-05-20T15:30:07.124786" elapsed="0.182363"/>
</kw>
<kw name="Sleep" owner="BuiltIn">
<msg time="2025-05-20T15:30:08.314043" level="INFO">Slept 1 second.</msg>
<arg>1</arg>
<doc>Pauses the test executed for the given time.</doc>
<status status="PASS" start="2025-05-20T15:30:07.309298" elapsed="1.010962"/>
</kw>
<status status="PASS" start="2025-05-20T15:30:07.120617" elapsed="1.202657"/>
</kw>
<kw name="Close the browser Session" owner="GenericResources" type="TEARDOWN">
<kw name="Close Browser" owner="SeleniumLibrary">
<doc>Closes the current browser.</doc>
<status status="PASS" start="2025-05-20T15:30:08.346521" elapsed="2.218824"/>
</kw>
<status status="PASS" start="2025-05-20T15:30:08.340009" elapsed="2.228484"/>
</kw>
<tag>Menubutton</tag>
<status status="PASS" start="2025-05-20T15:30:02.445145" elapsed="8.128761"/>
</test>
<doc>Tests to validate each menu option separately</doc>
<status status="PASS" start="2025-05-20T15:30:00.964798" elapsed="9.629884"/>
</suite>
<statistics>
<total>
<stat pass="1" fail="0" skip="0">All Tests</stat>
</total>
<tag>
<stat pass="1" fail="0" skip="0">Menubutton</stat>
</tag>
<suite>
<stat name="MenuNavigationValidationtest" id="s1" pass="1" fail="0" skip="0">MenuNavigationValidationtest</stat>
</suite>
</statistics>
<errors>
</errors>
</robot>
