<?xml version="1.0" encoding="UTF-8"?>
<robot generator="Robot 7.2.2 (Python 3.14.0a7 on win32)" generated="2025-05-20T20:48:48.914683" rpa="false" schemaversion="5">
<suite id="s1" name="RemoveProductFromCarttest" source="C:\RobotFrameworkBasics\POMSauceDemo\TestCases\RemoveProductFromCarttest.robot">
<test id="s1-t1" name="Validate Remove Button in the Shopping Cart page" line="14">
<kw name="Open the browser with URL" owner="GenericResources" type="SETUP">
<kw name="Create Webdriver" owner="SeleniumLibrary">
<msg time="2025-05-20T20:48:49.374274" level="INFO">Creating an instance of the Chrome WebDriver.</msg>
<arg>${browser_name}</arg>
<doc>Creates an instance of Selenium WebDriver.</doc>
<status status="PASS" start="2025-05-20T20:48:49.374043" elapsed="1.699487"/>
</kw>
<kw name="Go To" owner="SeleniumLibrary">
<msg time="2025-05-20T20:48:51.074155" level="INFO">Opening url 'https://www.saucedemo.com/'</msg>
<arg>${url}</arg>
<doc>Navigates the current browser window to the provided ``url``.</doc>
<status status="PASS" start="2025-05-20T20:48:51.073857" elapsed="1.052217"/>
</kw>
<kw name="Maximize Browser Window" owner="SeleniumLibrary">
<doc>Maximizes current browser window.</doc>
<status status="PASS" start="2025-05-20T20:48:52.126367" elapsed="0.037685"/>
</kw>
<kw name="Set Selenium Implicit Wait" owner="SeleniumLibrary">
<arg>5</arg>
<doc>Sets the implicit wait value used by Selenium.</doc>
<status status="PASS" start="2025-05-20T20:48:52.164370" elapsed="0.003774"/>
</kw>
<status status="PASS" start="2025-05-20T20:48:49.373190" elapsed="2.795221"/>
</kw>
<kw name="Fill the login form" owner="LoginResources">
<kw name="Input Text" owner="SeleniumLibrary">
<msg time="2025-05-20T20:48:52.173159" level="INFO">Typing text 'standard_user' into text field 'id:user-name'.</msg>
<arg>id:user-name</arg>
<arg>${username}</arg>
<doc>Types the given ``text`` into the text field identified by ``locator``.</doc>
<status status="PASS" start="2025-05-20T20:48:52.172483" elapsed="0.225518"/>
</kw>
<kw name="Input Password" owner="SeleniumLibrary">
<msg time="2025-05-20T20:48:52.398876" level="INFO">Typing password into text field 'id:password'.</msg>
<msg time="2025-05-20T20:48:52.448221" level="INFO">Temporally setting log level to: NONE</msg>
<arg>id:password</arg>
<arg>${password}</arg>
<doc>Types the given password into the text field identified by ``locator``.</doc>
<status status="PASS" start="2025-05-20T20:48:52.398393" elapsed="0.145063"/>
</kw>
<kw name="Click Button" owner="SeleniumLibrary">
<msg time="2025-05-20T20:48:52.543932" level="INFO">Clicking button 'id:login-button'.</msg>
<arg>id:login-button</arg>
<doc>Clicks the button identified by ``locator``.</doc>
<status status="PASS" start="2025-05-20T20:48:52.543661" elapsed="0.171327"/>
</kw>
<arg>${username}</arg>
<arg>${password}</arg>
<status status="PASS" start="2025-05-20T20:48:52.171352" elapsed="0.543869"/>
</kw>
<kw name="Click Add To Cart Sauce Labs Backpack" owner="RemoveProductFromCartResources">
<kw name="Click Element" owner="SeleniumLibrary">
<msg time="2025-05-20T20:48:52.719121" level="INFO">Clicking element 'xpath://button[@id='add-to-cart-sauce-labs-backpack']'.</msg>
<arg>${addToCart}</arg>
<doc>Click the element identified by ``locator``.</doc>
<status status="PASS" start="2025-05-20T20:48:52.718648" elapsed="0.139379"/>
</kw>
<status status="PASS" start="2025-05-20T20:48:52.717872" elapsed="0.140360"/>
</kw>
<kw name="Click Shopping Cart Icon" owner="RemoveProductFromCartResources">
<kw name="Click Element" owner="SeleniumLibrary">
<msg time="2025-05-20T20:48:52.859826" level="INFO">Clicking element 'xpath://a[@class='shopping_cart_link']'.</msg>
<arg>${shoppingCart}</arg>
<doc>Click the element identified by ``locator``.</doc>
<status status="PASS" start="2025-05-20T20:48:52.859504" elapsed="0.106014"/>
</kw>
<status status="PASS" start="2025-05-20T20:48:52.858946" elapsed="0.106834"/>
</kw>
<kw name="Click Remove Button" owner="RemoveProductFromCartResources">
<kw name="Click Button" owner="SeleniumLibrary">
<msg time="2025-05-20T20:48:52.969471" level="INFO">Clicking button 'xpath://button[@id='remove-sauce-labs-backpack']'.</msg>
<arg>${removeButton}</arg>
<doc>Clicks the button identified by ``locator``.</doc>
<status status="PASS" start="2025-05-20T20:48:52.968782" elapsed="0.102752"/>
</kw>
<status status="PASS" start="2025-05-20T20:48:52.967588" elapsed="0.104077"/>
</kw>
<kw name="Verify product Removed from the Shopping Cart" owner="RemoveProductFromCartResources">
<kw name="Sleep" owner="BuiltIn">
<msg time="2025-05-20T20:48:56.073266" level="INFO">Slept 3 seconds.</msg>
<arg>3</arg>
<doc>Pauses the test executed for the given time.</doc>
<status status="PASS" start="2025-05-20T20:48:53.072438" elapsed="3.001179"/>
</kw>
<kw name="Page Should Not Contain" owner="SeleniumLibrary">
<msg time="2025-05-20T20:49:06.154727" level="INFO">Current page does not contain text 'Sauce Labs Backpack'.</msg>
<arg>Sauce Labs Backpack</arg>
<doc>Verifies the current page does not contain ``text``.</doc>
<status status="PASS" start="2025-05-20T20:48:56.074276" elapsed="10.080606"/>
</kw>
<status status="PASS" start="2025-05-20T20:48:53.072071" elapsed="13.083025"/>
</kw>
<kw name="Close the browser Session" owner="GenericResources" type="TEARDOWN">
<kw name="Close Browser" owner="SeleniumLibrary">
<doc>Closes the current browser.</doc>
<status status="PASS" start="2025-05-20T20:49:06.156474" elapsed="2.487595"/>
</kw>
<status status="PASS" start="2025-05-20T20:49:06.155779" elapsed="2.488846"/>
</kw>
<status status="PASS" start="2025-05-20T20:48:49.372125" elapsed="19.273707"/>
</test>
<test id="s1-t2" name="Validate Remove Button in the product page" line="22">
<kw name="Open the browser with URL" owner="GenericResources" type="SETUP">
<kw name="Create Webdriver" owner="SeleniumLibrary">
<msg time="2025-05-20T20:49:08.657830" level="INFO">Creating an instance of the Chrome WebDriver.</msg>
<arg>${browser_name}</arg>
<doc>Creates an instance of Selenium WebDriver.</doc>
<status status="PASS" start="2025-05-20T20:49:08.656833" elapsed="1.555754"/>
</kw>
<kw name="Go To" owner="SeleniumLibrary">
<msg time="2025-05-20T20:49:10.213788" level="INFO">Opening url 'https://www.saucedemo.com/'</msg>
<arg>${url}</arg>
<doc>Navigates the current browser window to the provided ``url``.</doc>
<status status="PASS" start="2025-05-20T20:49:10.212993" elapsed="0.194752"/>
</kw>
<kw name="Maximize Browser Window" owner="SeleniumLibrary">
<doc>Maximizes current browser window.</doc>
<status status="PASS" start="2025-05-20T20:49:10.408170" elapsed="0.850795"/>
</kw>
<kw name="Set Selenium Implicit Wait" owner="SeleniumLibrary">
<arg>5</arg>
<doc>Sets the implicit wait value used by Selenium.</doc>
<status status="PASS" start="2025-05-20T20:49:11.259263" elapsed="0.001575"/>
</kw>
<status status="PASS" start="2025-05-20T20:49:08.655532" elapsed="2.605439"/>
</kw>
<kw name="Fill the login form" owner="LoginResources">
<kw name="Input Text" owner="SeleniumLibrary">
<msg time="2025-05-20T20:49:11.262415" level="INFO">Typing text 'standard_user' into text field 'id:user-name'.</msg>
<arg>id:user-name</arg>
<arg>${username}</arg>
<doc>Types the given ``text`` into the text field identified by ``locator``.</doc>
<status status="PASS" start="2025-05-20T20:49:11.262043" elapsed="0.194092"/>
</kw>
<kw name="Input Password" owner="SeleniumLibrary">
<msg time="2025-05-20T20:49:11.456699" level="INFO">Typing password into text field 'id:password'.</msg>
<msg time="2025-05-20T20:49:11.506265" level="INFO">Temporally setting log level to: NONE</msg>
<arg>id:password</arg>
<arg>${password}</arg>
<doc>Types the given password into the text field identified by ``locator``.</doc>
<status status="PASS" start="2025-05-20T20:49:11.456365" elapsed="0.149650"/>
</kw>
<kw name="Click Button" owner="SeleniumLibrary">
<msg time="2025-05-20T20:49:11.606993" level="INFO">Clicking button 'id:login-button'.</msg>
<arg>id:login-button</arg>
<doc>Clicks the button identified by ``locator``.</doc>
<status status="PASS" start="2025-05-20T20:49:11.606524" elapsed="0.193950"/>
</kw>
<arg>${username}</arg>
<arg>${password}</arg>
<status status="PASS" start="2025-05-20T20:49:11.261533" elapsed="0.539188"/>
</kw>
<kw name="Click the Sauce Labs Backpack Product" owner="RemoveProductFromCartResources">
<kw name="Click Element" owner="SeleniumLibrary">
<msg time="2025-05-20T20:49:11.804001" level="INFO">Clicking element 'xpath://div[text()='Sauce Labs Backpack']'.</msg>
<arg>${product}</arg>
<doc>Click the element identified by ``locator``.</doc>
<status status="PASS" start="2025-05-20T20:49:11.803561" elapsed="0.151461"/>
</kw>
<status status="PASS" start="2025-05-20T20:49:11.802847" elapsed="0.152402"/>
</kw>
<kw name="Click the Add To Cart Button on the product page" owner="RemoveProductFromCartResources">
<kw name="Click Element" owner="SeleniumLibrary">
<msg time="2025-05-20T20:49:11.957062" level="INFO">Clicking element 'xpath://button[@id='add-to-cart']'.</msg>
<arg>${addToCart2}</arg>
<doc>Click the element identified by ``locator``.</doc>
<status status="PASS" start="2025-05-20T20:49:11.956565" elapsed="0.116065"/>
</kw>
<status status="PASS" start="2025-05-20T20:49:11.955907" elapsed="0.116855"/>
</kw>
<kw name="Click the Remove Button on the product page" owner="RemoveProductFromCartResources">
<kw name="Click Button" owner="SeleniumLibrary">
<msg time="2025-05-20T20:49:12.074242" level="INFO">Clicking button 'xpath://button[@id='remove']'.</msg>
<arg>${removeButton2}</arg>
<doc>Clicks the button identified by ``locator``.</doc>
<status status="PASS" start="2025-05-20T20:49:12.073870" elapsed="0.102714"/>
</kw>
<status status="PASS" start="2025-05-20T20:49:12.073271" elapsed="0.103457"/>
</kw>
<kw name="Click Shopping Cart Icon" owner="RemoveProductFromCartResources">
<kw name="Click Element" owner="SeleniumLibrary">
<msg time="2025-05-20T20:49:12.177940" level="INFO">Clicking element 'xpath://a[@class='shopping_cart_link']'.</msg>
<arg>${shoppingCart}</arg>
<doc>Click the element identified by ``locator``.</doc>
<status status="PASS" start="2025-05-20T20:49:12.177691" elapsed="0.089842"/>
</kw>
<status status="PASS" start="2025-05-20T20:49:12.177264" elapsed="0.090504"/>
</kw>
<kw name="Verify product Removed from the Shopping Cart" owner="RemoveProductFromCartResources">
<kw name="Sleep" owner="BuiltIn">
<msg time="2025-05-20T20:49:15.270183" level="INFO">Slept 3 seconds.</msg>
<arg>3</arg>
<doc>Pauses the test executed for the given time.</doc>
<status status="PASS" start="2025-05-20T20:49:12.269315" elapsed="3.001247"/>
</kw>
<kw name="Page Should Not Contain" owner="SeleniumLibrary">
<msg time="2025-05-20T20:49:25.396061" level="INFO">Current page does not contain text 'Sauce Labs Backpack'.</msg>
<arg>Sauce Labs Backpack</arg>
<doc>Verifies the current page does not contain ``text``.</doc>
<status status="PASS" start="2025-05-20T20:49:15.271236" elapsed="10.124969"/>
</kw>
<status status="PASS" start="2025-05-20T20:49:12.268608" elapsed="13.127792"/>
</kw>
<kw name="Close the browser Session" owner="GenericResources" type="TEARDOWN">
<kw name="Close Browser" owner="SeleniumLibrary">
<doc>Closes the current browser.</doc>
<status status="PASS" start="2025-05-20T20:49:25.397748" elapsed="2.314952"/>
</kw>
<status status="PASS" start="2025-05-20T20:49:25.397108" elapsed="2.315809"/>
</kw>
<status status="PASS" start="2025-05-20T20:49:08.652086" elapsed="19.061167"/>
</test>
<doc>Tests to validate each menu option separately</doc>
<status status="PASS" start="2025-05-20T20:48:48.916604" elapsed="38.798952"/>
</suite>
<statistics>
<total>
<stat pass="2" fail="0" skip="0">All Tests</stat>
</total>
<tag>
</tag>
<suite>
<stat name="RemoveProductFromCarttest" id="s1" pass="2" fail="0" skip="0">RemoveProductFromCarttest</stat>
</suite>
</statistics>
<errors>
</errors>
</robot>
